CRITICAL - 2023-02-28 09:18:00 --> syntax error, unexpected end of file, expecting function (T_FUNCTION) or const (T_CONST)
in APPPATH/Controllers/Home.php on line 35.
 1 SYSTEMPATH/Autoloader/Autoloader.php(289): CodeIgniter\Autoloader\Autoloader->includeFile()
 2 SYSTEMPATH/Autoloader/Autoloader.php(267): CodeIgniter\Autoloader\Autoloader->loadInNamespace()
 3 [internal function]: CodeIgniter\Autoloader\Autoloader->loadClass()
 4 [internal function]: spl_autoload_call()
 5 SYSTEMPATH/CodeIgniter.php(892): class_exists()
 6 SYSTEMPATH/CodeIgniter.php(486): CodeIgniter\CodeIgniter->startController()
 7 SYSTEMPATH/CodeIgniter.php(368): CodeIgniter\CodeIgniter->handleRequest()
 8 FCPATH/index.php(67): CodeIgniter\CodeIgniter->run()
CRITICAL - 2023-02-28 09:30:39 --> Use of undefined constant Home - assumed 'Home' (this will throw an Error in a future version of PHP)
in APPPATH/Views/registration.php on line 199.
 1 APPPATH/Views/registration.php(199): CodeIgniter\Debug\Exceptions->errorHandler()
 2 SYSTEMPATH/View/View.php(213): include('APPPATH/Views/registration.php')
 3 SYSTEMPATH/View/View.php(216): CodeIgniter\View\View->CodeIgniter\View\{closure}()
 4 SYSTEMPATH/Common.php(1184): CodeIgniter\View\View->render()
 5 APPPATH/Controllers/Home.php(12): view()
 6 SYSTEMPATH/CodeIgniter.php(934): App\Controllers\Home->registration_page()
 7 SYSTEMPATH/CodeIgniter.php(499): CodeIgniter\CodeIgniter->runController()
 8 SYSTEMPATH/CodeIgniter.php(368): CodeIgniter\CodeIgniter->handleRequest()
 9 FCPATH/index.php(67): CodeIgniter\CodeIgniter->run()
CRITICAL - 2023-02-28 10:08:22 --> Use of undefined constant home - assumed 'home' (this will throw an Error in a future version of PHP)
in APPPATH/Views/registration.php on line 233.
 1 APPPATH/Views/registration.php(233): CodeIgniter\Debug\Exceptions->errorHandler()
 2 SYSTEMPATH/View/View.php(213): include('APPPATH/Views/registration.php')
 3 SYSTEMPATH/View/View.php(216): CodeIgniter\View\View->CodeIgniter\View\{closure}()
 4 SYSTEMPATH/Common.php(1184): CodeIgniter\View\View->render()
 5 APPPATH/Controllers/Home.php(12): view()
 6 SYSTEMPATH/CodeIgniter.php(934): App\Controllers\Home->registration_page()
 7 SYSTEMPATH/CodeIgniter.php(499): CodeIgniter\CodeIgniter->runController()
 8 SYSTEMPATH/CodeIgniter.php(368): CodeIgniter\CodeIgniter->handleRequest()
 9 FCPATH/index.php(67): CodeIgniter\CodeIgniter->run()
CRITICAL - 2023-02-28 10:49:32 --> Class 'App\Controllers\Home_model' not found
in APPPATH/Controllers/Home.php on line 19.
 1 SYSTEMPATH/CodeIgniter.php(934): App\Controllers\Home->registration_process()
 2 SYSTEMPATH/CodeIgniter.php(499): CodeIgniter\CodeIgniter->runController()
 3 SYSTEMPATH/CodeIgniter.php(368): CodeIgniter\CodeIgniter->handleRequest()
 4 FCPATH/index.php(67): CodeIgniter\CodeIgniter->run()
CRITICAL - 2023-02-28 10:58:46 --> syntax error, unexpected '}'
in APPPATH/Models/Home_model.php on line 12.
 1 SYSTEMPATH/Autoloader/Autoloader.php(289): CodeIgniter\Autoloader\Autoloader->includeFile()
 2 SYSTEMPATH/Autoloader/Autoloader.php(267): CodeIgniter\Autoloader\Autoloader->loadInNamespace()
 3 [internal function]: CodeIgniter\Autoloader\Autoloader->loadClass()
 4 APPPATH/Controllers/Home.php(20): spl_autoload_call()
 5 SYSTEMPATH/CodeIgniter.php(934): App\Controllers\Home->registration_process()
 6 SYSTEMPATH/CodeIgniter.php(499): CodeIgniter\CodeIgniter->runController()
 7 SYSTEMPATH/CodeIgniter.php(368): CodeIgniter\CodeIgniter->handleRequest()
 8 FCPATH/index.php(67): CodeIgniter\CodeIgniter->run()
CRITICAL - 2023-02-28 10:59:51 --> Declaration of App\Models\UserModel::insert($data = NULL) should be compatible with CodeIgniter\Model::insert($data = NULL, bool $returnID = true)
in APPPATH/Models/Home_model.php on line 9.
 1 APPPATH/Models/Home_model.php(7): CodeIgniter\Debug\Exceptions->errorHandler()
 2 SYSTEMPATH/Autoloader/Autoloader.php(312): include_once('APPPATH/Models/Home_model.php')
 3 SYSTEMPATH/Autoloader/Autoloader.php(289): CodeIgniter\Autoloader\Autoloader->includeFile()
 4 SYSTEMPATH/Autoloader/Autoloader.php(267): CodeIgniter\Autoloader\Autoloader->loadInNamespace()
 5 [internal function]: CodeIgniter\Autoloader\Autoloader->loadClass()
 6 APPPATH/Controllers/Home.php(20): spl_autoload_call()
 7 SYSTEMPATH/CodeIgniter.php(934): App\Controllers\Home->registration_process()
 8 SYSTEMPATH/CodeIgniter.php(499): CodeIgniter\CodeIgniter->runController()
 9 SYSTEMPATH/CodeIgniter.php(368): CodeIgniter\CodeIgniter->handleRequest()
10 FCPATH/index.php(67): CodeIgniter\CodeIgniter->run()
CRITICAL - 2023-02-28 11:01:01 --> Declaration of App\Models\Home_model::insert($data = NULL) should be compatible with CodeIgniter\Model::insert($data = NULL, bool $returnID = true)
in APPPATH/Models/Home_model.php on line 9.
 1 APPPATH/Models/Home_model.php(7): CodeIgniter\Debug\Exceptions->errorHandler()
 2 SYSTEMPATH/Autoloader/Autoloader.php(312): include_once('APPPATH/Models/Home_model.php')
 3 SYSTEMPATH/Autoloader/Autoloader.php(289): CodeIgniter\Autoloader\Autoloader->includeFile()
 4 SYSTEMPATH/Autoloader/Autoloader.php(267): CodeIgniter\Autoloader\Autoloader->loadInNamespace()
 5 [internal function]: CodeIgniter\Autoloader\Autoloader->loadClass()
 6 APPPATH/Controllers/Home.php(20): spl_autoload_call()
 7 SYSTEMPATH/CodeIgniter.php(934): App\Controllers\Home->registration_process()
 8 SYSTEMPATH/CodeIgniter.php(499): CodeIgniter\CodeIgniter->runController()
 9 SYSTEMPATH/CodeIgniter.php(368): CodeIgniter\CodeIgniter->handleRequest()
10 FCPATH/index.php(67): CodeIgniter\CodeIgniter->run()
CRITICAL - 2023-02-28 11:02:58 --> Undefined index: ListName
in APPPATH/Models/Home_model.php on line 11.
 1 APPPATH/Models/Home_model.php(11): CodeIgniter\Debug\Exceptions->errorHandler()
 2 APPPATH/Controllers/Home.php(29): App\Models\Home_model->insert_data()
 3 SYSTEMPATH/CodeIgniter.php(934): App\Controllers\Home->registration_process()
 4 SYSTEMPATH/CodeIgniter.php(499): CodeIgniter\CodeIgniter->runController()
 5 SYSTEMPATH/CodeIgniter.php(368): CodeIgniter\CodeIgniter->handleRequest()
 6 FCPATH/index.php(67): CodeIgniter\CodeIgniter->run()
CRITICAL - 2023-02-28 11:03:08 --> Undefined index: ListName
in APPPATH/Models/Home_model.php on line 11.
 1 APPPATH/Models/Home_model.php(11): CodeIgniter\Debug\Exceptions->errorHandler()
 2 APPPATH/Controllers/Home.php(29): App\Models\Home_model->insert_data()
 3 SYSTEMPATH/CodeIgniter.php(934): App\Controllers\Home->registration_process()
 4 SYSTEMPATH/CodeIgniter.php(499): CodeIgniter\CodeIgniter->runController()
 5 SYSTEMPATH/CodeIgniter.php(368): CodeIgniter\CodeIgniter->handleRequest()
 6 FCPATH/index.php(67): CodeIgniter\CodeIgniter->run()
ERROR - 2023-02-28 11:04:36 --> mysqli_sql_exception: You have an error in your SQL syntax; check the manual that corresponds to your MariaDB server version for the right syntax to use near 'vallues('muthu','sudalai','jk complex','NGO colony')' at line 1 in /home/techmaxima2/development/repos/web/zdemo/muthu/system/Database/MySQLi/Connection.php:295
Stack trace:
#0 /home/techmaxima2/development/repos/web/zdemo/muthu/system/Database/MySQLi/Connection.php(295): mysqli->query()
#1 /home/techmaxima2/development/repos/web/zdemo/muthu/system/Database/BaseConnection.php(691): CodeIgniter\Database\MySQLi\Connection->execute()
#2 /home/techmaxima2/development/repos/web/zdemo/muthu/system/Database/BaseConnection.php(605): CodeIgniter\Database\BaseConnection->simpleQuery()
#3 /home/techmaxima2/development/repos/web/zdemo/muthu/app/Models/Home_model.php(12): CodeIgniter\Database\BaseConnection->query()
#4 /home/techmaxima2/development/repos/web/zdemo/muthu/app/Controllers/Home.php(29): App\Models\Home_model->insert_data()
#5 /home/techmaxima2/development/repos/web/zdemo/muthu/system/CodeIgniter.php(934): App\Controllers\Home->registration_process()
#6 /home/techmaxima2/development/repos/web/zdemo/muthu/system/CodeIgniter.php(499): CodeIgniter\CodeIgniter->runController()
#7 /home/techmaxima2/development/repos/web/zdemo/muthu/system/CodeIgniter.php(368): CodeIgniter\CodeIgniter->handleRequest()
#8 /home/techmaxima2/development/repos/web/zdemo/muthu/public/index.php(67): CodeIgniter\CodeIgniter->run()
#9 {main}
CRITICAL - 2023-02-28 11:04:36 --> You have an error in your SQL syntax; check the manual that corresponds to your MariaDB server version for the right syntax to use near 'vallues('muthu','sudalai','jk complex','NGO colony')' at line 1
in SYSTEMPATH/Database/BaseConnection.php on line 645.
 1 APPPATH/Models/Home_model.php(12): CodeIgniter\Database\BaseConnection->query()
 2 APPPATH/Controllers/Home.php(29): App\Models\Home_model->insert_data()
 3 SYSTEMPATH/CodeIgniter.php(934): App\Controllers\Home->registration_process()
 4 SYSTEMPATH/CodeIgniter.php(499): CodeIgniter\CodeIgniter->runController()
 5 SYSTEMPATH/CodeIgniter.php(368): CodeIgniter\CodeIgniter->handleRequest()
 6 FCPATH/index.php(67): CodeIgniter\CodeIgniter->run()
CRITICAL - 2023-02-28 13:05:22 --> Object of class CodeIgniter\Database\MySQLi\Result could not be converted to int
in APPPATH/Controllers/Home.php on line 35.
 1 APPPATH/Controllers/Home.php(35): CodeIgniter\Debug\Exceptions->errorHandler()
 2 SYSTEMPATH/CodeIgniter.php(934): App\Controllers\Home->login_process()
 3 SYSTEMPATH/CodeIgniter.php(499): CodeIgniter\CodeIgniter->runController()
 4 SYSTEMPATH/CodeIgniter.php(368): CodeIgniter\CodeIgniter->handleRequest()
 5 FCPATH/index.php(67): CodeIgniter\CodeIgniter->run()
CRITICAL - 2023-02-28 13:09:54 --> Object of class CodeIgniter\Database\MySQLi\Result could not be converted to int
in APPPATH/Controllers/Home.php on line 35.
 1 APPPATH/Controllers/Home.php(35): CodeIgniter\Debug\Exceptions->errorHandler()
 2 SYSTEMPATH/CodeIgniter.php(934): App\Controllers\Home->login_process()
 3 SYSTEMPATH/CodeIgniter.php(499): CodeIgniter\CodeIgniter->runController()
 4 SYSTEMPATH/CodeIgniter.php(368): CodeIgniter\CodeIgniter->handleRequest()
 5 FCPATH/index.php(67): CodeIgniter\CodeIgniter->run()
