CRITICAL - 2023-03-28 03:01:30 --> syntax error, unexpected identifier "index_page", expecting variable
in APPPATH\Controllers\Home.php on line 30.
 1 SYSTEMPATH\Autoloader\Autoloader.php(289): CodeIgniter\Autoloader\Autoloader->includeFile('APPPATH\\Controllers\\Home.php')
 2 SYSTEMPATH\Autoloader\Autoloader.php(267): CodeIgniter\Autoloader\Autoloader->loadInNamespace('App\\Controllers\\Home')
 3 [internal function]: CodeIgniter\Autoloader\Autoloader->loadClass('App\\Controllers\\Home')
 4 SYSTEMPATH\CodeIgniter.php(892): class_exists('\\App\\Controllers\\Home', true)
 5 SYSTEMPATH\CodeIgniter.php(486): CodeIgniter\CodeIgniter->startController()
 6 SYSTEMPATH\CodeIgniter.php(368): CodeIgniter\CodeIgniter->handleRequest(null, Object(Config\Cache), false)
 7 FCPATH\index.php(67): CodeIgniter\CodeIgniter->run()
CRITICAL - 2023-03-28 03:04:01 --> Undefined constant "base_url"
in APPPATH\Views\index.tpl on line 51.
 1 SYSTEMPATH\View\View.php(213): include()
 2 SYSTEMPATH\View\View.php(216): CodeIgniter\View\View->CodeIgniter\View\{closure}()
 3 SYSTEMPATH\Common.php(1184): CodeIgniter\View\View->render('index.tpl', [], true)
 4 APPPATH\Controllers\Home.php(53): view('index.tpl')
 5 SYSTEMPATH\CodeIgniter.php(934): App\Controllers\Home->login_process()
 6 SYSTEMPATH\CodeIgniter.php(499): CodeIgniter\CodeIgniter->runController(Object(App\Controllers\Home))
 7 SYSTEMPATH\CodeIgniter.php(368): CodeIgniter\CodeIgniter->handleRequest(null, Object(Config\Cache), false)
 8 FCPATH\index.php(67): CodeIgniter\CodeIgniter->run()
CRITICAL - 2023-03-28 17:04:53 --> Undefined variable $status
in APPPATH\Views\index.tpl on line 56.
 1 APPPATH\Views\index.tpl(56): CodeIgniter\Debug\Exceptions->errorHandler(2, 'Undefined variable $status', 'APPPATH\\Views\\index.tpl', 56)
 2 SYSTEMPATH\View\View.php(213): include('APPPATH\\Views\\index.tpl')
 3 SYSTEMPATH\View\View.php(216): CodeIgniter\View\View->CodeIgniter\View\{closure}()
 4 SYSTEMPATH\Common.php(1184): CodeIgniter\View\View->render('index.tpl', [], true)
 5 APPPATH\Controllers\Home.php(31): view('index.tpl')
 6 SYSTEMPATH\CodeIgniter.php(934): App\Controllers\Home->index_page()
 7 SYSTEMPATH\CodeIgniter.php(499): CodeIgniter\CodeIgniter->runController(Object(App\Controllers\Home))
 8 SYSTEMPATH\CodeIgniter.php(368): CodeIgniter\CodeIgniter->handleRequest(null, Object(Config\Cache), false)
 9 FCPATH\index.php(67): CodeIgniter\CodeIgniter->run()
CRITICAL - 2023-03-28 17:05:25 --> Undefined variable $status
in APPPATH\Views\index.tpl on line 57.
 1 APPPATH\Views\index.tpl(57): CodeIgniter\Debug\Exceptions->errorHandler(2, 'Undefined variable $status', 'APPPATH\\Views\\index.tpl', 57)
 2 SYSTEMPATH\View\View.php(213): include('APPPATH\\Views\\index.tpl')
 3 SYSTEMPATH\View\View.php(216): CodeIgniter\View\View->CodeIgniter\View\{closure}()
 4 SYSTEMPATH\Common.php(1184): CodeIgniter\View\View->render('index.tpl', [], true)
 5 APPPATH\Controllers\Home.php(31): view('index.tpl')
 6 SYSTEMPATH\CodeIgniter.php(934): App\Controllers\Home->index_page()
 7 SYSTEMPATH\CodeIgniter.php(499): CodeIgniter\CodeIgniter->runController(Object(App\Controllers\Home))
 8 SYSTEMPATH\CodeIgniter.php(368): CodeIgniter\CodeIgniter->handleRequest(null, Object(Config\Cache), false)
 9 FCPATH\index.php(67): CodeIgniter\CodeIgniter->run()
CRITICAL - 2023-03-28 17:55:18 --> syntax error, unexpected token "/"
in APPPATH\Controllers\Home.php on line 69.
 1 SYSTEMPATH\Autoloader\Autoloader.php(289): CodeIgniter\Autoloader\Autoloader->includeFile('APPPATH\\Controllers\\Home.php')
 2 SYSTEMPATH\Autoloader\Autoloader.php(267): CodeIgniter\Autoloader\Autoloader->loadInNamespace('App\\Controllers\\Home')
 3 [internal function]: CodeIgniter\Autoloader\Autoloader->loadClass('App\\Controllers\\Home')
 4 SYSTEMPATH\CodeIgniter.php(892): class_exists('\\App\\Controllers\\Home', true)
 5 SYSTEMPATH\CodeIgniter.php(486): CodeIgniter\CodeIgniter->startController()
 6 SYSTEMPATH\CodeIgniter.php(368): CodeIgniter\CodeIgniter->handleRequest(null, Object(Config\Cache), false)
 7 FCPATH\index.php(67): CodeIgniter\CodeIgniter->run()
CRITICAL - 2023-03-28 17:56:19 --> Call to undefined method CodeIgniter\Database\MySQLi\Result::num_rows()
in APPPATH\Models\Home_model.php on line 21.
 1 APPPATH\Controllers\Home.php(46): App\Models\Home_model->login_data([...])
 2 SYSTEMPATH\CodeIgniter.php(934): App\Controllers\Home->login_process()
 3 SYSTEMPATH\CodeIgniter.php(499): CodeIgniter\CodeIgniter->runController(Object(App\Controllers\Home))
 4 SYSTEMPATH\CodeIgniter.php(368): CodeIgniter\CodeIgniter->handleRequest(null, Object(Config\Cache), false)
 5 FCPATH\index.php(67): CodeIgniter\CodeIgniter->run()
CRITICAL - 2023-03-28 17:59:03 --> Call to undefined method CodeIgniter\Database\MySQLi\Result::row()
in APPPATH\Models\Home_model.php on line 24.
 1 APPPATH\Controllers\Home.php(46): App\Models\Home_model->login_data([...])
 2 SYSTEMPATH\CodeIgniter.php(934): App\Controllers\Home->login_process()
 3 SYSTEMPATH\CodeIgniter.php(499): CodeIgniter\CodeIgniter->runController(Object(App\Controllers\Home))
 4 SYSTEMPATH\CodeIgniter.php(368): CodeIgniter\CodeIgniter->handleRequest(null, Object(Config\Cache), false)
 5 FCPATH\index.php(67): CodeIgniter\CodeIgniter->run()
CRITICAL - 2023-03-28 17:59:44 --> Unmatched '}'
in APPPATH\Models\Home_model.php on line 32.
 1 SYSTEMPATH\Autoloader\Autoloader.php(289): CodeIgniter\Autoloader\Autoloader->includeFile('APPPATH\\Models\\Home_model.php')
 2 SYSTEMPATH\Autoloader\Autoloader.php(267): CodeIgniter\Autoloader\Autoloader->loadInNamespace('App\\Models\\Home_model')
 3 APPPATH\Controllers\Home.php(39): CodeIgniter\Autoloader\Autoloader->loadClass('App\\Models\\Home_model')
 4 SYSTEMPATH\CodeIgniter.php(934): App\Controllers\Home->login_process()
 5 SYSTEMPATH\CodeIgniter.php(499): CodeIgniter\CodeIgniter->runController(Object(App\Controllers\Home))
 6 SYSTEMPATH\CodeIgniter.php(368): CodeIgniter\CodeIgniter->handleRequest(null, Object(Config\Cache), false)
 7 FCPATH\index.php(67): CodeIgniter\CodeIgniter->run()
CRITICAL - 2023-03-28 17:59:57 --> Undefined variable $result
in APPPATH\Models\Home_model.php on line 23.
 1 APPPATH\Models\Home_model.php(23): CodeIgniter\Debug\Exceptions->errorHandler(2, 'Undefined variable $result', 'APPPATH\\Models\\Home_model.php', 23)
 2 APPPATH\Controllers\Home.php(46): App\Models\Home_model->login_data([...])
 3 SYSTEMPATH\CodeIgniter.php(934): App\Controllers\Home->login_process()
 4 SYSTEMPATH\CodeIgniter.php(499): CodeIgniter\CodeIgniter->runController(Object(App\Controllers\Home))
 5 SYSTEMPATH\CodeIgniter.php(368): CodeIgniter\CodeIgniter->handleRequest(null, Object(Config\Cache), false)
 6 FCPATH\index.php(67): CodeIgniter\CodeIgniter->run()
CRITICAL - 2023-03-28 18:00:13 --> Undefined property: CodeIgniter\Database\MySQLi\Result::$is_admin
in APPPATH\Models\Home_model.php on line 23.
 1 APPPATH\Models\Home_model.php(23): CodeIgniter\Debug\Exceptions->errorHandler(2, 'Undefined property: CodeIgniter\\Database\\MySQLi\\Result::$is_admin', 'APPPATH\\Models\\Home_model.php', 23)
 2 APPPATH\Controllers\Home.php(46): App\Models\Home_model->login_data([...])
 3 SYSTEMPATH\CodeIgniter.php(934): App\Controllers\Home->login_process()
 4 SYSTEMPATH\CodeIgniter.php(499): CodeIgniter\CodeIgniter->runController(Object(App\Controllers\Home))
 5 SYSTEMPATH\CodeIgniter.php(368): CodeIgniter\CodeIgniter->handleRequest(null, Object(Config\Cache), false)
 6 FCPATH\index.php(67): CodeIgniter\CodeIgniter->run()
CRITICAL - 2023-03-28 18:01:29 --> syntax error, unexpected end of file
in APPPATH\Models\Home_model.php on line 32.
 1 SYSTEMPATH\Autoloader\Autoloader.php(289): CodeIgniter\Autoloader\Autoloader->includeFile('APPPATH\\Models\\Home_model.php')
 2 SYSTEMPATH\Autoloader\Autoloader.php(267): CodeIgniter\Autoloader\Autoloader->loadInNamespace('App\\Models\\Home_model')
 3 APPPATH\Controllers\Home.php(39): CodeIgniter\Autoloader\Autoloader->loadClass('App\\Models\\Home_model')
 4 SYSTEMPATH\CodeIgniter.php(934): App\Controllers\Home->login_process()
 5 SYSTEMPATH\CodeIgniter.php(499): CodeIgniter\CodeIgniter->runController(Object(App\Controllers\Home))
 6 SYSTEMPATH\CodeIgniter.php(368): CodeIgniter\CodeIgniter->handleRequest(null, Object(Config\Cache), false)
 7 FCPATH\index.php(67): CodeIgniter\CodeIgniter->run()
