CRITICAL - 2023-04-10 15:23:33 --> Invalid file: "applydetails.tpl"
in SYSTEMPATH\Exceptions\FrameworkException.php on line 33.
 1 SYSTEMPATH\View\View.php(201): CodeIgniter\Exceptions\FrameworkException::forInvalidFile('applydetails.tpl')
 2 SYSTEMPATH\Common.php(1184): CodeIgniter\View\View->render('applydetails.tpl', [], true)
 3 APPPATH\Controllers\Home.php(191): view('applydetails.tpl')
 4 SYSTEMPATH\CodeIgniter.php(934): App\Controllers\Home->form_process()
 5 SYSTEMPATH\CodeIgniter.php(499): CodeIgniter\CodeIgniter->runController(Object(App\Controllers\Home))
 6 SYSTEMPATH\CodeIgniter.php(368): CodeIgniter\CodeIgniter->handleRequest(null, Object(Config\Cache), false)
 7 FCPATH\index.php(67): CodeIgniter\CodeIgniter->run()
CRITICAL - 2023-04-10 15:37:50 --> syntax error, unexpected token "return"
in APPPATH\Controllers\Home.php on line 187.
 1 SYSTEMPATH\Autoloader\Autoloader.php(289): CodeIgniter\Autoloader\Autoloader->includeFile('APPPATH\\Controllers\\Home.php')
 2 SYSTEMPATH\Autoloader\Autoloader.php(267): CodeIgniter\Autoloader\Autoloader->loadInNamespace('App\\Controllers\\Home')
 3 [internal function]: CodeIgniter\Autoloader\Autoloader->loadClass('App\\Controllers\\Home')
 4 SYSTEMPATH\CodeIgniter.php(892): class_exists('\\App\\Controllers\\Home', true)
 5 SYSTEMPATH\CodeIgniter.php(486): CodeIgniter\CodeIgniter->startController()
 6 SYSTEMPATH\CodeIgniter.php(368): CodeIgniter\CodeIgniter->handleRequest(null, Object(Config\Cache), false)
 7 FCPATH\index.php(67): CodeIgniter\CodeIgniter->run()
CRITICAL - 2023-04-10 15:38:56 --> syntax error, unexpected token "return"
in APPPATH\Controllers\Home.php on line 187.
 1 SYSTEMPATH\Autoloader\Autoloader.php(289): CodeIgniter\Autoloader\Autoloader->includeFile('APPPATH\\Controllers\\Home.php')
 2 SYSTEMPATH\Autoloader\Autoloader.php(267): CodeIgniter\Autoloader\Autoloader->loadInNamespace('App\\Controllers\\Home')
 3 [internal function]: CodeIgniter\Autoloader\Autoloader->loadClass('App\\Controllers\\Home')
 4 SYSTEMPATH\CodeIgniter.php(892): class_exists('\\App\\Controllers\\Home', true)
 5 SYSTEMPATH\CodeIgniter.php(486): CodeIgniter\CodeIgniter->startController()
 6 SYSTEMPATH\CodeIgniter.php(368): CodeIgniter\CodeIgniter->handleRequest(null, Object(Config\Cache), false)
 7 FCPATH\index.php(67): CodeIgniter\CodeIgniter->run()
CRITICAL - 2023-04-10 15:42:04 --> Call to a member function getNumRows() on bool
in APPPATH\Models\Home_model.php on line 57.
 1 APPPATH\Controllers\Home.php(182): App\Models\Home_model->insert_scheme([...])
 2 SYSTEMPATH\CodeIgniter.php(934): App\Controllers\Home->form_process()
 3 SYSTEMPATH\CodeIgniter.php(499): CodeIgniter\CodeIgniter->runController(Object(App\Controllers\Home))
 4 SYSTEMPATH\CodeIgniter.php(368): CodeIgniter\CodeIgniter->handleRequest(null, Object(Config\Cache), false)
 5 FCPATH\index.php(67): CodeIgniter\CodeIgniter->run()
CRITICAL - 2023-04-10 16:45:10 --> Undefined array key "app_id"
in APPPATH\Models\Home_model.php on line 75.
 1 APPPATH\Models\Home_model.php(75): CodeIgniter\Debug\Exceptions->errorHandler(2, 'Undefined array key "app_id"', 'APPPATH\\Models\\Home_model.php', 75)
 2 APPPATH\Controllers\Home.php(208): App\Models\Home_model->user_data([...])
 3 SYSTEMPATH\CodeIgniter.php(934): App\Controllers\Home->user_view()
 4 SYSTEMPATH\CodeIgniter.php(499): CodeIgniter\CodeIgniter->runController(Object(App\Controllers\Home))
 5 SYSTEMPATH\CodeIgniter.php(368): CodeIgniter\CodeIgniter->handleRequest(null, Object(Config\Cache), false)
 6 FCPATH\index.php(67): CodeIgniter\CodeIgniter->run()
